[debug] [2020-04-09T12:39:32.958Z] ----------------------------------------------------------------------
[debug] [2020-04-09T12:39:32.959Z] Command:       /usr/local/bin/node /usr/local/bin/firebase serve
[debug] [2020-04-09T12:39:32.960Z] CLI Version:   8.0.2
[debug] [2020-04-09T12:39:32.960Z] Platform:      darwin
[debug] [2020-04-09T12:39:32.960Z] Node Version:  v12.14.0
[debug] [2020-04-09T12:39:32.960Z] Time:          Thu Apr 09 2020 14:39:32 GMT+0200 (Central European Summer Time)
[debug] [2020-04-09T12:39:32.961Z] ----------------------------------------------------------------------
[debug] [2020-04-09T12:39:32.961Z] 
[debug] [2020-04-09T12:39:32.968Z] > command requires scopes: ["email","openid","https://www.googleapis.com/auth/cloudplatformprojects.readonly","https://www.googleapis.com/auth/firebase","https://www.googleapis.com/auth/cloud-platform"]
[debug] [2020-04-09T12:39:32.968Z] > authorizing via signed-in user
[debug] [2020-04-09T12:39:32.969Z] [iam] checking project outshifter-storefront for permissions ["firebase.projects.get"]
[debug] [2020-04-09T12:39:32.971Z] >>> HTTP REQUEST POST https://cloudresourcemanager.googleapis.com/v1/projects/outshifter-storefront:testIamPermissions  
 {"permissions":["firebase.projects.get"]}
[debug] [2020-04-09T12:39:33.961Z] <<< HTTP RESPONSE 200 {"content-type":"application/json; charset=UTF-8","vary":"X-Origin, Referer, Origin,Accept-Encoding","date":"Thu, 09 Apr 2020 12:39:33 GMT","server":"ESF","cache-control":"private","x-xss-protection":"0","x-frame-options":"SAMEORIGIN","x-content-type-options":"nosniff","server-timing":"gfet4t7; dur=854","alt-svc":"quic=\":443\"; ma=2592000; v=\"46,43\",h3-Q050=\":443\"; ma=2592000,h3-Q049=\":443\"; ma=2592000,h3-Q048=\":443\"; ma=2592000,h3-Q046=\":443\"; ma=2592000,h3-Q043=\":443\"; ma=2592000,h3-T050=\":443\"; ma=2592000","accept-ranges":"none","transfer-encoding":"chunked"}
[debug] [2020-04-09T12:39:33.962Z] >>> HTTP REQUEST GET https://firebase.googleapis.com/v1beta1/projects/outshifter-storefront  
 
[debug] [2020-04-09T12:39:34.213Z] <<< HTTP RESPONSE 200 {"content-type":"application/json; charset=UTF-8","vary":"X-Origin, Referer, Origin,Accept-Encoding","date":"Thu, 09 Apr 2020 12:39:34 GMT","server":"ESF","cache-control":"private","x-xss-protection":"0","x-frame-options":"SAMEORIGIN","x-content-type-options":"nosniff","alt-svc":"quic=\":443\"; ma=2592000; v=\"46,43\",h3-Q050=\":443\"; ma=2592000,h3-Q049=\":443\"; ma=2592000,h3-Q048=\":443\"; ma=2592000,h3-Q046=\":443\"; ma=2592000,h3-Q043=\":443\"; ma=2592000,h3-T050=\":443\"; ma=2592000","accept-ranges":"none","transfer-encoding":"chunked"}
[info] 
[info] === Serving from '/Users/angelosepulveda/Desktop/outshifter-store-front/outshifter-store-front'...
[info] 
[debug] [2020-04-09T12:39:34.216Z] >>> HTTP REQUEST GET https://firebase.googleapis.com/v1beta1/projects/outshifter-storefront/webApps/-/config  
 
[warn] ⚠  Your requested "node" version "8" doesn't match your global version "12"
[info] ✔  functions: functions emulator started at http://localhost:5001
[debug] [2020-04-09T12:39:34.937Z] <<< HTTP RESPONSE 200 {"content-type":"application/json; charset=UTF-8","vary":"X-Origin, Referer, Origin,Accept-Encoding","date":"Thu, 09 Apr 2020 12:39:34 GMT","server":"ESF","cache-control":"private","x-xss-protection":"0","x-frame-options":"SAMEORIGIN","x-content-type-options":"nosniff","alt-svc":"quic=\":443\"; ma=2592000; v=\"46,43\",h3-Q050=\":443\"; ma=2592000,h3-Q049=\":443\"; ma=2592000,h3-Q048=\":443\"; ma=2592000,h3-Q046=\":443\"; ma=2592000,h3-Q043=\":443\"; ma=2592000,h3-T050=\":443\"; ma=2592000","accept-ranges":"none","transfer-encoding":"chunked"}
[info] i  functions: Watching "/Users/angelosepulveda/Desktop/outshifter-store-front/outshifter-store-front/functions" for Cloud Functions...
[debug] [2020-04-09T12:39:34.967Z] [worker-pool] addWorker(~diagnostic~) 
[debug] [2020-04-09T12:39:34.967Z] [worker-pool] Adding worker with key ~diagnostic~, total=1 
[debug] [2020-04-09T12:39:34.968Z] [worker-pool] submitWork(triggerId=) 
[debug] [2020-04-09T12:39:34.968Z] [worker-~diagnostic~-0588282f-1f4d-496a-93ef-d8735730376b]: Assigning socketPath: /var/folders/tr/n_vgls791ql825jwd6276q880000gn/T/fire_emu_95653.sock 
[debug] [2020-04-09T12:39:34.968Z] [worker-~diagnostic~-0588282f-1f4d-496a-93ef-d8735730376b]: BUSY 
[info] i  hosting: Serving hosting files from: public
[info] ✔  hosting: Local server: http://localhost:5000
[debug] [2020-04-09T12:39:35.201Z] [runtime-status] [95653] Functions runtime initialized. {"cwd":"/Users/angelosepulveda/Desktop/outshifter-store-front/outshifter-store-front/functions","node_version":"12.14.0"} 
[debug] [2020-04-09T12:39:35.202Z] [runtime-status] [95653] Disabled runtime features: undefined 
[debug] [2020-04-09T12:39:35.204Z] [runtime-status] [95653] Resolved module firebase-admin {"declared":true,"installed":true,"version":"8.10.0","resolution":"/Users/angelosepulveda/Desktop/outshifter-store-front/outshifter-store-front/functions/node_modules/firebase-admin/lib/index.js"} 
[debug] [2020-04-09T12:39:35.205Z] [runtime-status] [95653] Resolved module firebase-functions {"declared":true,"installed":true,"version":"3.6.0","resolution":"/Users/angelosepulveda/Desktop/outshifter-store-front/outshifter-store-front/functions/node_modules/firebase-functions/lib/index.js"} 
[debug] [2020-04-09T12:39:35.206Z] [runtime-status] [95653] Outgoing network have been stubbed. [{"name":"http","status":"mocked"},{"name":"http","status":"mocked"},{"name":"https","status":"mocked"},{"name":"https","status":"mocked"},{"name":"net","status":"mocked"}] 
[debug] [2020-04-09T12:39:35.247Z] [runtime-status] [95653] Checked functions.config() {"config":{}} 
[debug] [2020-04-09T12:39:35.248Z] [runtime-status] [95653] Resolved module firebase-functions {"declared":true,"installed":true,"version":"3.6.0","resolution":"/Users/angelosepulveda/Desktop/outshifter-store-front/outshifter-store-front/functions/node_modules/firebase-functions/lib/index.js"} 
[debug] [2020-04-09T12:39:35.248Z] [runtime-status] [95653] Resolved module firebase-admin {"declared":true,"installed":true,"version":"8.10.0","resolution":"/Users/angelosepulveda/Desktop/outshifter-store-front/outshifter-store-front/functions/node_modules/firebase-admin/lib/index.js"} 
[debug] [2020-04-09T12:39:35.249Z] [runtime-status] [95653] Resolved module firebase-functions {"declared":true,"installed":true,"version":"3.6.0","resolution":"/Users/angelosepulveda/Desktop/outshifter-store-front/outshifter-store-front/functions/node_modules/firebase-functions/lib/index.js"} 
[debug] [2020-04-09T12:39:35.249Z] [runtime-status] [95653] firebase-admin has been stubbed. {"adminResolution":{"declared":true,"installed":true,"version":"8.10.0","resolution":"/Users/angelosepulveda/Desktop/outshifter-store-front/outshifter-store-front/functions/node_modules/firebase-admin/lib/index.js"}} 
[debug] [2020-04-09T12:39:35.250Z] [runtime-status] [95653] config() parent accessed! {"parentKey":"firebase","parentConfig":{}} 
[debug] [2020-04-09T12:39:35.251Z] [runtime-status] [95653] initializeApp(DEFAULT) {"databaseURL":"https://outshifter-storefront.firebaseio.com","storageBucket":"outshifter-storefront.appspot.com","projectId":"outshifter-storefront"} 
[warn] ⚠  functions: The Cloud Firestore emulator is not running, so calls to Firestore will affect production.
[info] ✔  functions[testing]: http function initialized (http://localhost:5001/outshifter-storefront/us-central1/testing).
[info] ✔  functions[miputamadre]: http function initialized (http://localhost:5001/outshifter-storefront/us-central1/miputamadre).
[debug] [2020-04-09T12:39:35.567Z] [worker-~diagnostic~-0588282f-1f4d-496a-93ef-d8735730376b]: IDLE 
[debug] [2020-04-09T12:41:01.822Z] [work-queue] {"queueLength":1,"workRunningCount":0}
[debug] [2020-04-09T12:41:01.822Z] [work-queue] {"queueLength":0,"workRunningCount":1}
[debug] [2020-04-09T12:41:01.823Z] Accepted request GET /outshifter-storefront/us-central1/miputamadre --> miputamadre
[debug] [2020-04-09T12:41:01.827Z] [worker-pool] addWorker(miputamadre) 
[debug] [2020-04-09T12:41:01.827Z] [worker-pool] Adding worker with key miputamadre, total=1 
[debug] [2020-04-09T12:41:01.827Z] [worker-pool] submitWork(triggerId=miputamadre) 
[debug] [2020-04-09T12:41:01.827Z] [worker-miputamadre-5c29d209-f83c-4c70-90e7-333508ef6c99]: Assigning socketPath: /var/folders/tr/n_vgls791ql825jwd6276q880000gn/T/fire_emu_95708.sock 
[debug] [2020-04-09T12:41:01.828Z] [worker-miputamadre-5c29d209-f83c-4c70-90e7-333508ef6c99]: BUSY 
[debug] [2020-04-09T12:41:02.190Z] [runtime-status] [95708] Functions runtime initialized. {"cwd":"/Users/angelosepulveda/Desktop/outshifter-store-front/outshifter-store-front/functions","node_version":"12.14.0"} 
[debug] [2020-04-09T12:41:02.191Z] [runtime-status] [95708] Disabled runtime features: undefined 
[debug] [2020-04-09T12:41:02.193Z] [runtime-status] [95708] Resolved module firebase-admin {"declared":true,"installed":true,"version":"8.10.0","resolution":"/Users/angelosepulveda/Desktop/outshifter-store-front/outshifter-store-front/functions/node_modules/firebase-admin/lib/index.js"} 
[debug] [2020-04-09T12:41:02.194Z] [runtime-status] [95708] Resolved module firebase-functions {"declared":true,"installed":true,"version":"3.6.0","resolution":"/Users/angelosepulveda/Desktop/outshifter-store-front/outshifter-store-front/functions/node_modules/firebase-functions/lib/index.js"} 
[debug] [2020-04-09T12:41:02.195Z] [runtime-status] [95708] Outgoing network have been stubbed. [{"name":"http","status":"mocked"},{"name":"http","status":"mocked"},{"name":"https","status":"mocked"},{"name":"https","status":"mocked"},{"name":"net","status":"mocked"}] 
[debug] [2020-04-09T12:41:02.238Z] [runtime-status] [95708] Checked functions.config() {"config":{}} 
[debug] [2020-04-09T12:41:02.239Z] [runtime-status] [95708] Resolved module firebase-functions {"declared":true,"installed":true,"version":"3.6.0","resolution":"/Users/angelosepulveda/Desktop/outshifter-store-front/outshifter-store-front/functions/node_modules/firebase-functions/lib/index.js"} 
[debug] [2020-04-09T12:41:02.239Z] [runtime-status] [95708] Resolved module firebase-admin {"declared":true,"installed":true,"version":"8.10.0","resolution":"/Users/angelosepulveda/Desktop/outshifter-store-front/outshifter-store-front/functions/node_modules/firebase-admin/lib/index.js"} 
[debug] [2020-04-09T12:41:02.240Z] [runtime-status] [95708] Resolved module firebase-functions {"declared":true,"installed":true,"version":"3.6.0","resolution":"/Users/angelosepulveda/Desktop/outshifter-store-front/outshifter-store-front/functions/node_modules/firebase-functions/lib/index.js"} 
[debug] [2020-04-09T12:41:02.240Z] [runtime-status] [95708] firebase-admin has been stubbed. {"adminResolution":{"declared":true,"installed":true,"version":"8.10.0","resolution":"/Users/angelosepulveda/Desktop/outshifter-store-front/outshifter-store-front/functions/node_modules/firebase-admin/lib/index.js"}} 
[debug] [2020-04-09T12:41:02.241Z] [runtime-status] [95708] config() parent accessed! {"parentKey":"firebase","parentConfig":{}} 
[debug] [2020-04-09T12:41:02.242Z] [runtime-status] [95708] initializeApp(DEFAULT) {"databaseURL":"https://outshifter-storefront.firebaseio.com","storageBucket":"outshifter-storefront.appspot.com","projectId":"outshifter-storefront"} 
[warn] ⚠  functions: The Cloud Firestore emulator is not running, so calls to Firestore will affect production.
[debug] [2020-04-09T12:41:02.572Z] [runtime-status] [95708] Trigger "miputamadre" has been found, beginning invocation! 
[info] i  functions: Beginning execution of "miputamadre"
[debug] [2020-04-09T12:41:02.572Z] [runtime-status] [95708] triggerDefinition {"httpsTrigger":{},"name":"miputamadre","entryPoint":"miputamadre"} 
[debug] [2020-04-09T12:41:02.572Z] [runtime-status] [95708] Running miputamadre in mode HTTPS 
[debug] [2020-04-09T12:41:02.575Z] [runtime-status] [95708] Attempting to listen to socketPath: /var/folders/tr/n_vgls791ql825jwd6276q880000gn/T/fire_emu_95708.sock 
[debug] [2020-04-09T12:41:02.579Z] [functions] Runtime ready! Sending request! 
[debug] [2020-04-09T12:41:02.584Z] [runtime-status] [95708] Ephemeral server handling GET request 
[info] >  HELLLO FROM FIREBASE {"user":"HELLLO FROM FIREBASE"}
[debug] [2020-04-09T12:41:02.704Z] [runtime-status] [95708] Ephemeral server survived. 
[warn] ⚠  External network resource requested!
   - URL: "http://169.254.169.254/computeMetadata/v1/instance"
 - Be careful, this may be a production service.
[warn] ⚠  External network resource requested!
   - URL: "http://metadata.google.internal./computeMetadata/v1/instance"
 - Be careful, this may be a production service.
[info] i  functions: Finished "miputamadre" in ~1s
[debug] [2020-04-09T12:41:02.713Z] [worker-miputamadre-5c29d209-f83c-4c70-90e7-333508ef6c99]: IDLE 
[debug] [2020-04-09T12:41:02.714Z] [work-queue] {"queueLength":0,"workRunningCount":0}
[info] >  (node:95708) UnhandledPromiseRejectionWarning: Error: Could not load the default credentials. Browse to https://cloud.google.com/docs/authentication/getting-started for more information. {"user":"(node:95708) UnhandledPromiseRejectionWarning: Error: Could not load the default credentials. Browse to https://cloud.google.com/docs/authentication/getting-started for more information."}
[info] >      at GoogleAuth.getApplicationDefaultAsync (/Users/angelosepulveda/Desktop/outshifter-store-front/outshifter-store-front/functions/node_modules/google-auth-library/build/src/auth/googleauth.js:160:19) {"user":"    at GoogleAuth.getApplicationDefaultAsync (/Users/angelosepulveda/Desktop/outshifter-store-front/outshifter-store-front/functions/node_modules/google-auth-library/build/src/auth/googleauth.js:160:19)"}
[info] >      at processTicksAndRejections (internal/process/task_queues.js:93:5) {"user":"    at processTicksAndRejections (internal/process/task_queues.js:93:5)"}
[info] >      at async GoogleAuth.getClient (/Users/angelosepulveda/Desktop/outshifter-store-front/outshifter-store-front/functions/node_modules/google-auth-library/build/src/auth/googleauth.js:502:17) {"user":"    at async GoogleAuth.getClient (/Users/angelosepulveda/Desktop/outshifter-store-front/outshifter-store-front/functions/node_modules/google-auth-library/build/src/auth/googleauth.js:502:17)"}
[info] >      at async GrpcClient._getCredentials (/Users/angelosepulveda/Desktop/outshifter-store-front/outshifter-store-front/functions/node_modules/google-gax/build/src/grpc.js:92:24) {"user":"    at async GrpcClient._getCredentials (/Users/angelosepulveda/Desktop/outshifter-store-front/outshifter-store-front/functions/node_modules/google-gax/build/src/grpc.js:92:24)"}
[info] >      at async GrpcClient.createStub (/Users/angelosepulveda/Desktop/outshifter-store-front/outshifter-store-front/functions/node_modules/google-gax/build/src/grpc.js:213:23) {"user":"    at async GrpcClient.createStub (/Users/angelosepulveda/Desktop/outshifter-store-front/outshifter-store-front/functions/node_modules/google-gax/build/src/grpc.js:213:23)"}
[info] >  (node:95708) UnhandledPromiseRejectionWarning: Unhandled promise rejection. This error originated either by throwing inside of an async function without a catch block, or by rejecting a promise which was not handled with .catch(). (rejection id: 3) {"user":"(node:95708) UnhandledPromiseRejectionWarning: Unhandled promise rejection. This error originated either by throwing inside of an async function without a catch block, or by rejecting a promise which was not handled with .catch(). (rejection id: 3)"}
[info] >  (node:95708) [DEP0018] DeprecationWarning: Unhandled promise rejections are deprecated. In the future, promise rejections that are not handled will terminate the Node.js process with a non-zero exit code. {"user":"(node:95708) [DEP0018] DeprecationWarning: Unhandled promise rejections are deprecated. In the future, promise rejections that are not handled will terminate the Node.js process with a non-zero exit code."}
[debug] [2020-04-11T19:08:49.053Z] ----------------------------------------------------------------------
[debug] [2020-04-11T19:08:49.055Z] Command:       /usr/local/bin/node /usr/local/bin/firebase serve
[debug] [2020-04-11T19:08:49.055Z] CLI Version:   8.0.2
[debug] [2020-04-11T19:08:49.055Z] Platform:      darwin
[debug] [2020-04-11T19:08:49.055Z] Node Version:  v12.14.0
[debug] [2020-04-11T19:08:49.060Z] Time:          Sat Apr 11 2020 21:08:49 GMT+0200 (Central European Summer Time)
[debug] [2020-04-11T19:08:49.061Z] ----------------------------------------------------------------------
[debug] [2020-04-11T19:08:49.061Z] 
[debug] [2020-04-11T19:08:49.072Z] > command requires scopes: ["email","openid","https://www.googleapis.com/auth/cloudplatformprojects.readonly","https://www.googleapis.com/auth/firebase","https://www.googleapis.com/auth/cloud-platform"]
[debug] [2020-04-11T19:08:49.072Z] > authorizing via signed-in user
[debug] [2020-04-11T19:08:49.072Z] [iam] checking project outshifter-storefront for permissions ["firebase.projects.get"]
[debug] [2020-04-11T19:08:49.074Z] > refreshing access token with scopes: ["email","https://www.googleapis.com/auth/cloud-platform","https://www.googleapis.com/auth/cloudplatformprojects.readonly","https://www.googleapis.com/auth/firebase","openid"]
[debug] [2020-04-11T19:08:49.074Z] >>> HTTP REQUEST POST https://www.googleapis.com/oauth2/v3/token  
 <request body omitted>
[debug] [2020-04-11T19:08:49.235Z] <<< HTTP RESPONSE 200 {"content-type":"application/json; charset=utf-8","vary":"X-Origin, Referer, Origin,Accept-Encoding","date":"Sat, 11 Apr 2020 19:08:49 GMT","server":"scaffolding on HTTPServer2","cache-control":"private","x-xss-protection":"0","x-frame-options":"SAMEORIGIN","x-content-type-options":"nosniff","alt-svc":"quic=\":443\"; ma=2592000; v=\"46,43\",h3-Q050=\":443\"; ma=2592000,h3-Q049=\":443\"; ma=2592000,h3-Q048=\":443\"; ma=2592000,h3-Q046=\":443\"; ma=2592000,h3-Q043=\":443\"; ma=2592000,h3-T050=\":443\"; ma=2592000","accept-ranges":"none","transfer-encoding":"chunked"}
[debug] [2020-04-11T19:08:49.260Z] >>> HTTP REQUEST POST https://cloudresourcemanager.googleapis.com/v1/projects/outshifter-storefront:testIamPermissions  
 {"permissions":["firebase.projects.get"]}
[debug] [2020-04-11T19:08:50.315Z] <<< HTTP RESPONSE 200 {"content-type":"application/json; charset=UTF-8","vary":"X-Origin, Referer, Origin,Accept-Encoding","date":"Sat, 11 Apr 2020 19:08:50 GMT","server":"ESF","cache-control":"private","x-xss-protection":"0","x-frame-options":"SAMEORIGIN","x-content-type-options":"nosniff","server-timing":"gfet4t7; dur=875","alt-svc":"quic=\":443\"; ma=2592000; v=\"46,43\",h3-Q050=\":443\"; ma=2592000,h3-Q049=\":443\"; ma=2592000,h3-Q048=\":443\"; ma=2592000,h3-Q046=\":443\"; ma=2592000,h3-Q043=\":443\"; ma=2592000,h3-T050=\":443\"; ma=2592000","accept-ranges":"none","transfer-encoding":"chunked"}
[debug] [2020-04-11T19:08:50.316Z] >>> HTTP REQUEST GET https://firebase.googleapis.com/v1beta1/projects/outshifter-storefront  
 
[debug] [2020-04-11T19:08:50.574Z] <<< HTTP RESPONSE 200 {"content-type":"application/json; charset=UTF-8","vary":"X-Origin, Referer, Origin,Accept-Encoding","date":"Sat, 11 Apr 2020 19:08:50 GMT","server":"ESF","cache-control":"private","x-xss-protection":"0","x-frame-options":"SAMEORIGIN","x-content-type-options":"nosniff","alt-svc":"quic=\":443\"; ma=2592000; v=\"46,43\",h3-Q050=\":443\"; ma=2592000,h3-Q049=\":443\"; ma=2592000,h3-Q048=\":443\"; ma=2592000,h3-Q046=\":443\"; ma=2592000,h3-Q043=\":443\"; ma=2592000,h3-T050=\":443\"; ma=2592000","accept-ranges":"none","transfer-encoding":"chunked"}
[info] 
[info] === Serving from '/Users/angelosepulveda/Desktop/outshifter-store-front/outshifter-store-front'...
[info] 
[debug] [2020-04-11T19:08:50.579Z] >>> HTTP REQUEST GET https://firebase.googleapis.com/v1beta1/projects/outshifter-storefront/webApps/-/config  
 
[warn] ⚠  Your requested "node" version "8" doesn't match your global version "12"
[info] ✔  functions: functions emulator started at http://localhost:5001
[debug] [2020-04-11T19:08:51.236Z] <<< HTTP RESPONSE 200 {"content-type":"application/json; charset=UTF-8","vary":"X-Origin, Referer, Origin,Accept-Encoding","date":"Sat, 11 Apr 2020 19:08:51 GMT","server":"ESF","cache-control":"private","x-xss-protection":"0","x-frame-options":"SAMEORIGIN","x-content-type-options":"nosniff","alt-svc":"quic=\":443\"; ma=2592000; v=\"46,43\",h3-Q050=\":443\"; ma=2592000,h3-Q049=\":443\"; ma=2592000,h3-Q048=\":443\"; ma=2592000,h3-Q046=\":443\"; ma=2592000,h3-Q043=\":443\"; ma=2592000,h3-T050=\":443\"; ma=2592000","accept-ranges":"none","transfer-encoding":"chunked"}
[info] i  functions: Watching "/Users/angelosepulveda/Desktop/outshifter-store-front/outshifter-store-front/functions" for Cloud Functions...
[debug] [2020-04-11T19:08:51.267Z] [worker-pool] addWorker(~diagnostic~) 
[debug] [2020-04-11T19:08:51.267Z] [worker-pool] Adding worker with key ~diagnostic~, total=1 
[debug] [2020-04-11T19:08:51.267Z] [worker-pool] submitWork(triggerId=) 
[debug] [2020-04-11T19:08:51.268Z] [worker-~diagnostic~-f8efdd48-26c3-4c3a-b251-f1d473945de5]: Assigning socketPath: /var/folders/tr/n_vgls791ql825jwd6276q880000gn/T/fire_emu_31045.sock 
[debug] [2020-04-11T19:08:51.268Z] [worker-~diagnostic~-f8efdd48-26c3-4c3a-b251-f1d473945de5]: BUSY 
[info] i  hosting: Serving hosting files from: public
[info] ✔  hosting: Local server: http://localhost:5000
[debug] [2020-04-11T19:08:51.491Z] [runtime-status] [31045] Functions runtime initialized. {"cwd":"/Users/angelosepulveda/Desktop/outshifter-store-front/outshifter-store-front/functions","node_version":"12.14.0"} 
[debug] [2020-04-11T19:08:51.492Z] [runtime-status] [31045] Disabled runtime features: undefined 
[debug] [2020-04-11T19:08:51.495Z] [runtime-status] [31045] Resolved module firebase-admin {"declared":true,"installed":true,"version":"8.10.0","resolution":"/Users/angelosepulveda/Desktop/outshifter-store-front/outshifter-store-front/functions/node_modules/firebase-admin/lib/index.js"} 
[debug] [2020-04-11T19:08:51.497Z] [runtime-status] [31045] Resolved module firebase-functions {"declared":true,"installed":true,"version":"3.6.0","resolution":"/Users/angelosepulveda/Desktop/outshifter-store-front/outshifter-store-front/functions/node_modules/firebase-functions/lib/index.js"} 
[debug] [2020-04-11T19:08:51.499Z] [runtime-status] [31045] Outgoing network have been stubbed. [{"name":"http","status":"mocked"},{"name":"http","status":"mocked"},{"name":"https","status":"mocked"},{"name":"https","status":"mocked"},{"name":"net","status":"mocked"}] 
[debug] [2020-04-11T19:08:51.556Z] [runtime-status] [31045] Checked functions.config() {"config":{}} 
[debug] [2020-04-11T19:08:51.556Z] [runtime-status] [31045] Resolved module firebase-functions {"declared":true,"installed":true,"version":"3.6.0","resolution":"/Users/angelosepulveda/Desktop/outshifter-store-front/outshifter-store-front/functions/node_modules/firebase-functions/lib/index.js"} 
[debug] [2020-04-11T19:08:51.557Z] [runtime-status] [31045] Resolved module firebase-admin {"declared":true,"installed":true,"version":"8.10.0","resolution":"/Users/angelosepulveda/Desktop/outshifter-store-front/outshifter-store-front/functions/node_modules/firebase-admin/lib/index.js"} 
[debug] [2020-04-11T19:08:51.557Z] [runtime-status] [31045] Resolved module firebase-functions {"declared":true,"installed":true,"version":"3.6.0","resolution":"/Users/angelosepulveda/Desktop/outshifter-store-front/outshifter-store-front/functions/node_modules/firebase-functions/lib/index.js"} 
[debug] [2020-04-11T19:08:51.558Z] [runtime-status] [31045] firebase-admin has been stubbed. {"adminResolution":{"declared":true,"installed":true,"version":"8.10.0","resolution":"/Users/angelosepulveda/Desktop/outshifter-store-front/outshifter-store-front/functions/node_modules/firebase-admin/lib/index.js"}} 
[debug] [2020-04-11T19:08:51.559Z] [runtime-status] [31045] config() parent accessed! {"parentKey":"firebase","parentConfig":{}} 
[debug] [2020-04-11T19:08:51.560Z] [runtime-status] [31045] initializeApp(DEFAULT) {"databaseURL":"https://outshifter-storefront.firebaseio.com","storageBucket":"outshifter-storefront.appspot.com","projectId":"outshifter-storefront"} 
[warn] ⚠  functions: The Cloud Firestore emulator is not running, so calls to Firestore will affect production.
[info] ✔  functions[testing]: http function initialized (http://localhost:5001/outshifter-storefront/us-central1/testing).
[info] ✔  functions[miputamadre]: http function initialized (http://localhost:5001/outshifter-storefront/us-central1/miputamadre).
[debug] [2020-04-11T19:08:51.922Z] [worker-~diagnostic~-f8efdd48-26c3-4c3a-b251-f1d473945de5]: IDLE 
